{"uuid":"331ab805-8d37-46dd-97e1-a941141db92d","historyId":"366aa6f7f3a63eaca28c58695d8d5ad9","testCaseId":"[engine:junit-platform-suite]/[suite:UiTests.tests.UiRunner.UiRunner]/[engine:junit-jupiter]/[class:UiTests.tests.auth.LoginTests]/[method:boundaryValues3SymbolsLogin()]","testCaseName":"Успешный логин после регистрации с username 3 символов","fullName":"UiTests.tests.auth.LoginTests.boundaryValues3SymbolsLogin","labels":[{"name":"junit.platform.uniqueid","value":"[engine:junit-platform-suite]/[suite:UiTests.tests.UiRunner.UiRunner]/[engine:junit-jupiter]/[class:UiTests.tests.auth.LoginTests]/[method:boundaryValues3SymbolsLogin()]"},{"name":"host","value":"DESKTOP-7SJ24SJ"},{"name":"thread","value":"20928@DESKTOP-7SJ24SJ.main(1)"},{"name":"framework","value":"junit-platform"},{"name":"language","value":"java"},{"name":"package","value":"UiTests.tests.auth.LoginTests"},{"name":"testClass","value":"UiTests.tests.auth.LoginTests"},{"name":"testMethod","value":"boundaryValues3SymbolsLogin"},{"name":"suite","value":"UiTests.tests.auth.LoginTests"}],"links":[],"name":"Успешный логин после регистрации с username 3 символов","status":"failed","statusDetails":{"known":false,"muted":false,"flaky":false,"message":"Invalid element state [#username]: invalid element state\r\nScreenshot: file:/C:/Users/Sergey/IdeaProjects/SelenideRestAssuredGradle/build/reports/tests/1752752174661.12.png\r\nPage source: file:/C:/Users/Sergey/IdeaProjects/SelenideRestAssuredGradle/build/reports/tests/1752752174661.12.html\r\nTimeout: 10 s.\r\nCaused by: InvalidElementStateException: invalid element state","trace":"Invalid element state [#username]: invalid element state\r\nScreenshot: file:/C:/Users/Sergey/IdeaProjects/SelenideRestAssuredGradle/build/reports/tests/1752752174661.12.png\r\nPage source: file:/C:/Users/Sergey/IdeaProjects/SelenideRestAssuredGradle/build/reports/tests/1752752174661.12.html\r\nTimeout: 10 s.\r\nCaused by: InvalidElementStateException: invalid element state\r\n\tat com.codeborne.selenide.impl.ExceptionWrapper.wrap(ExceptionWrapper.java:26)\r\n\tat com.codeborne.selenide.impl.SelenideElementProxy.dispatchAndRetry(SelenideElementProxy.java:154)\r\n\tat com.codeborne.selenide.impl.SelenideElementProxy.invoke(SelenideElementProxy.java:84)\r\n\tat jdk.proxy2/jdk.proxy2.$Proxy18.setValue(Unknown Source)\r\n\tat UiTests.pages.auth.RegisterPage.fillRegistrationForm(RegisterPage.java:48)\r\n\tat UiTests.tests.auth.LoginTests.boundaryValues3SymbolsLogin(LoginTests.java:70)\r\n\tat java.base/java.lang.reflect.Method.invoke(Method.java:568)\r\n\tat java.base/java.util.ArrayList.forEach(ArrayList.java:1511)\r\n\tat java.base/java.util.ArrayList.forEach(ArrayList.java:1511)\r\nCaused by: org.openqa.selenium.InvalidElementStateException: invalid element state\n  (Session info: chrome=138.0.7204.101)\nBuild info: version: '4.13.0', revision: 'ba948ece5b*'\nSystem info: os.name: 'Windows 11', os.arch: 'amd64', os.version: '10.0', java.version: '17.0.10'\nDriver info: org.openqa.selenium.chrome.ChromeDriver\nCommand: [4681655579069fc28a8bde6c08967d0b, clearElement {id=f.6BB713999B7073FC8E9BBF25C4F208C8.d.18608BA4183E0DB2B1AF263468B344B4.e.440}]\nCapabilities {acceptInsecureCerts: true, browserName: chrome, browserVersion: 138.0.7204.101, chrome: {chromedriverVersion: 138.0.7204.157 (e533e98b126..., userDataDir: C:\\Users\\Sergey\\AppData\\Loc...}, fedcm:accounts: true, goog:chromeOptions: {debuggerAddress: localhost:39748}, networkConnectionEnabled: false, pageLoadStrategy: normal, platformName: windows, proxy: Proxy(), se:cdp: ws://localhost:39748/devtoo..., se:cdpVersion: 138.0.7204.101, setWindowRect: true, strictFileInteractability: false, timeouts: {implicit: 0, pageLoad: 300000, script: 30000}, unhandledPromptBehavior: accept, webauthn:extension:credBlob: true, webauthn:extension:largeBlob: true, webauthn:extension:minPinLength: true, webauthn:extension:prf: true, webauthn:virtualAuthenticators: true}\nElement: [[ChromeDriver: chrome on windows (4681655579069fc28a8bde6c08967d0b)] -> css selector: #username]\nSession ID: 4681655579069fc28a8bde6c08967d0b\r\n\tat jdk.internal.reflect.GeneratedConstructorAccessor13.newInstance(Unknown Source)\r\n\tat java.base/jdk.internal.reflect.DelegatingConstructorAccessorImpl.newInstance(DelegatingConstructorAccessorImpl.java:45)\r\n\tat java.base/java.lang.reflect.Constructor.newInstanceWithCaller(Constructor.java:499)\r\n\tat java.base/java.lang.reflect.Constructor.newInstance(Constructor.java:480)\r\n\tat org.openqa.selenium.remote.codec.w3c.W3CHttpResponseCodec.createException(W3CHttpResponseCodec.java:200)\r\n\tat org.openqa.selenium.remote.codec.w3c.W3CHttpResponseCodec.decode(W3CHttpResponseCodec.java:133)\r\n\tat org.openqa.selenium.remote.codec.w3c.W3CHttpResponseCodec.decode(W3CHttpResponseCodec.java:52)\r\n\tat org.openqa.selenium.remote.HttpCommandExecutor.execute(HttpCommandExecutor.java:191)\r\n\tat org.openqa.selenium.remote.service.DriverCommandExecutor.invokeExecute(DriverCommandExecutor.java:196)\r\n\tat org.openqa.selenium.remote.service.DriverCommandExecutor.execute(DriverCommandExecutor.java:171)\r\n\tat org.openqa.selenium.remote.RemoteWebDriver.execute(RemoteWebDriver.java:602)\r\n\tat org.openqa.selenium.remote.RemoteWebElement.execute(RemoteWebElement.java:224)\r\n\tat org.openqa.selenium.remote.RemoteWebElement.clear(RemoteWebElement.java:130)\r\n\tat com.codeborne.selenide.commands.Clear.clear(Clear.java:72)\r\n\tat com.codeborne.selenide.commands.SetValue.setValueForTextInput(SetValue.java:70)\r\n\tat com.codeborne.selenide.commands.SetValue.execute(SetValue.java:43)\r\n\tat com.codeborne.selenide.commands.SetValue.execute(SetValue.java:25)\r\n\tat com.codeborne.selenide.commands.Commands.execute(Commands.java:165)\r\n\tat com.codeborne.selenide.impl.SelenideElementProxy.dispatchAndRetry(SelenideElementProxy.java:132)\r\n\t... 7 more\r\n"},"stage":"finished","description":"","steps":[],"attachments":[],"parameters":[],"start":1752752161208,"stop":1752752175632}