{"uuid":"882ecac1-10ef-49a7-ba1a-ccb105947406","historyId":"c1dd813c7c2885453124030e87201eb9","testCaseId":"[engine:junit-platform-suite]/[suite:UiTests.tests.UiRunner.UiRunner]/[engine:junit-jupiter]/[class:UiTests.tests.auth.RegisterTests]/[method:shouldRejectDuplicateUsername()]","testCaseName":"Повторная регистрация с тем же Username выдаёт ошибку","fullName":"UiTests.tests.auth.RegisterTests.shouldRejectDuplicateUsername","labels":[{"name":"junit.platform.uniqueid","value":"[engine:junit-platform-suite]/[suite:UiTests.tests.UiRunner.UiRunner]/[engine:junit-jupiter]/[class:UiTests.tests.auth.RegisterTests]/[method:shouldRejectDuplicateUsername()]"},{"name":"host","value":"DESKTOP-7SJ24SJ"},{"name":"thread","value":"20088@DESKTOP-7SJ24SJ.main(1)"},{"name":"framework","value":"junit-platform"},{"name":"language","value":"java"},{"name":"package","value":"UiTests.tests.auth.RegisterTests"},{"name":"testClass","value":"UiTests.tests.auth.RegisterTests"},{"name":"testMethod","value":"shouldRejectDuplicateUsername"},{"name":"suite","value":"UiTests.tests.auth.RegisterTests"}],"links":[],"name":"Повторная регистрация с тем же Username выдаёт ошибку","status":"failed","statusDetails":{"known":false,"muted":false,"flaky":false,"message":"Element not found {#username}\r\nExpected: exist\r\nPage source: file:/C:/Users/Sergey/IdeaProjects/SelenideRestAssuredGradle/build/reports/tests/1752749711791.0.html\r\nTimeout: 10 s.\r\nCaused by: NoSuchElementException: Unable to find element with locator By.cssSelector: #username","trace":"Element not found {#username}\r\nExpected: exist\r\nPage source: file:/C:/Users/Sergey/IdeaProjects/SelenideRestAssuredGradle/build/reports/tests/1752749711791.0.html\r\nTimeout: 10 s.\r\nCaused by: NoSuchElementException: Unable to find element with locator By.cssSelector: #username\r\n\tat com.codeborne.selenide.impl.WebElementSource.createElementNotFoundError(WebElementSource.java:91)\r\n\tat com.codeborne.selenide.impl.ElementFinder.createElementNotFoundError(ElementFinder.java:142)\r\n\tat com.codeborne.selenide.impl.ExceptionWrapper.wrap(ExceptionWrapper.java:32)\r\n\tat com.codeborne.selenide.impl.SelenideElementProxy.dispatchAndRetry(SelenideElementProxy.java:154)\r\n\tat com.codeborne.selenide.impl.SelenideElementProxy.invoke(SelenideElementProxy.java:84)\r\n\tat jdk.proxy2/jdk.proxy2.$Proxy19.scrollIntoView(Unknown Source)\r\n\tat UiTests.pages.auth.RegisterPage.fillRegistrationForm(RegisterPage.java:48)\r\n\tat UiTests.tests.auth.RegisterTests.shouldRejectDuplicateUsername(RegisterTests.java:46)\r\n\tat java.base/java.lang.reflect.Method.invoke(Method.java:568)\r\n\tat java.base/java.util.ArrayList.forEach(ArrayList.java:1511)\r\n\tat java.base/java.util.ArrayList.forEach(ArrayList.java:1511)\r\n\tSuppressed: org.openqa.selenium.NoSuchWindowException: no such window: target window already closed\nfrom unknown error: web view not found\n  (Session info: chrome=138.0.7204.101)\nBuild info: version: '4.13.0', revision: 'ba948ece5b*'\nSystem info: os.name: 'Windows 11', os.arch: 'amd64', os.version: '10.0', java.version: '17.0.10'\nDriver info: org.openqa.selenium.chrome.ChromeDriver\nCommand: [c683c7327fbbc8ee561d92e83249948b, executeScript {script=localStorage.clear();, args=[]}]\nCapabilities {acceptInsecureCerts: true, browserName: chrome, browserVersion: 138.0.7204.101, chrome: {chromedriverVersion: 138.0.7204.157 (e533e98b126..., userDataDir: C:\\Users\\Sergey\\AppData\\Loc...}, fedcm:accounts: true, goog:chromeOptions: {debuggerAddress: localhost:37313}, networkConnectionEnabled: false, pageLoadStrategy: normal, platformName: windows, proxy: Proxy(), se:cdp: ws://localhost:37313/devtoo..., se:cdpVersion: 138.0.7204.101, setWindowRect: true, strictFileInteractability: false, timeouts: {implicit: 0, pageLoad: 300000, script: 30000}, unhandledPromptBehavior: accept, webauthn:extension:credBlob: true, webauthn:extension:largeBlob: true, webauthn:extension:minPinLength: true, webauthn:extension:prf: true, webauthn:virtualAuthenticators: true}\nSession ID: c683c7327fbbc8ee561d92e83249948b\r\n\t\tat java.base/java.lang.reflect.Constructor.newInstanceWithCaller(Constructor.java:499)\r\n\t\tat java.base/java.lang.reflect.Constructor.newInstance(Constructor.java:480)\r\n\t\tat org.openqa.selenium.remote.codec.w3c.W3CHttpResponseCodec.createException(W3CHttpResponseCodec.java:200)\r\n\t\tat org.openqa.selenium.remote.codec.w3c.W3CHttpResponseCodec.decode(W3CHttpResponseCodec.java:133)\r\n\t\tat org.openqa.selenium.remote.codec.w3c.W3CHttpResponseCodec.decode(W3CHttpResponseCodec.java:52)\r\n\t\tat org.openqa.selenium.remote.HttpCommandExecutor.execute(HttpCommandExecutor.java:191)\r\n\t\tat org.openqa.selenium.remote.service.DriverCommandExecutor.invokeExecute(DriverCommandExecutor.java:196)\r\n\t\tat org.openqa.selenium.remote.service.DriverCommandExecutor.execute(DriverCommandExecutor.java:171)\r\n\t\tat org.openqa.selenium.remote.RemoteWebDriver.execute(RemoteWebDriver.java:602)\r\n\t\tat org.openqa.selenium.remote.RemoteWebDriver.executeScript(RemoteWebDriver.java:467)\r\n\t\tat com.codeborne.selenide.Driver.executeJavaScript(Driver.java:56)\r\n\t\tat com.codeborne.selenide.SelenideDriver.executeJavaScript(SelenideDriver.java:237)\r\n\t\tat com.codeborne.selenide.SelenideDriver.clearBrowserLocalStorage(SelenideDriver.java:405)\r\n\t\tat com.codeborne.selenide.Selenide.clearBrowserLocalStorage(Selenide.java:892)\r\n\t\tat UiTests.base.UiBaseTest.setUpClear(UiBaseTest.java:27)\r\n\t\t... 3 more\r\nCaused by: org.openqa.selenium.NoSuchElementException: Unable to find element with locator By.cssSelector: #username\nFor documentation on this error, please visit: https://www.selenium.dev/documentation/webdriver/troubleshooting/errors#no-such-element-exception\nBuild info: version: '4.13.0', revision: 'ba948ece5b*'\nSystem info: os.name: 'Windows 11', os.arch: 'amd64', os.version: '10.0', java.version: '17.0.10'\nDriver info: driver.version: RemoteWebDriver\r\n\tat org.openqa.selenium.remote.ElementLocation$ElementFinder$2.findElement(ElementLocation.java:168)\r\n\tat org.openqa.selenium.remote.ElementLocation.findElement(ElementLocation.java:59)\r\n\tat org.openqa.selenium.remote.RemoteWebDriver.findElement(RemoteWebDriver.java:359)\r\n\tat org.openqa.selenium.remote.RemoteWebDriver.findElement(RemoteWebDriver.java:353)\r\n\tat com.codeborne.selenide.impl.WebElementSelector.findElement(WebElementSelector.java:70)\r\n\tat com.codeborne.selenide.impl.WebElementSelector.findElement(WebElementSelector.java:44)\r\n\tat com.codeborne.selenide.impl.WebElementSelector.findElement(WebElementSelector.java:33)\r\n\tat com.codeborne.selenide.impl.ElementFinder.getWebElement(ElementFinder.java:122)\r\n\tat com.codeborne.selenide.commands.ScrollIntoView.execute(ScrollIntoView.java:20)\r\n\tat com.codeborne.selenide.commands.ScrollIntoView.execute(ScrollIntoView.java:14)\r\n\tat com.codeborne.selenide.commands.Commands.execute(Commands.java:165)\r\n\tat com.codeborne.selenide.impl.SelenideElementProxy.dispatchAndRetry(SelenideElementProxy.java:132)\r\n\t... 7 more\r\n"},"stage":"finished","description":"","steps":[],"attachments":[],"parameters":[],"start":1752749676453,"stop":1752749711927}